TN:
SF:src\class\user.js
FN:2,(anonymous_0)
FN:12,(anonymous_1)
FN:24,(anonymous_2)
FN:36,(anonymous_3)
FNF:4
FNH:3
FNDA:22,(anonymous_0)
FNDA:22,(anonymous_1)
FNDA:0,(anonymous_2)
FNDA:1,(anonymous_3)
DA:3,22
DA:4,22
DA:5,22
DA:6,22
DA:7,22
DA:8,22
DA:9,22
DA:13,22
DA:25,0
DA:37,1
DA:41,1
LF:11
LH:10
BRF:0
BRH:0
end_of_record
TN:
SF:src\data\user_data.js
FN:5,(anonymous_0)
FN:20,(anonymous_1)
FN:24,(anonymous_2)
FN:25,(anonymous_3)
FN:29,(anonymous_4)
FN:34,(anonymous_5)
FN:35,(anonymous_6)
FN:40,(anonymous_7)
FN:41,(anonymous_8)
FNF:9
FNH:5
FNDA:2,(anonymous_0)
FNDA:1,(anonymous_1)
FNDA:1,(anonymous_2)
FNDA:11,(anonymous_3)
FNDA:22,(anonymous_4)
FNDA:0,(anonymous_5)
FNDA:0,(anonymous_6)
FNDA:0,(anonymous_7)
FNDA:0,(anonymous_8)
DA:1,1
DA:2,1
DA:6,2
DA:7,2
DA:8,22
DA:21,1
DA:25,11
DA:26,1
DA:30,22
DA:31,22
DA:35,0
DA:36,0
DA:37,0
DA:41,0
DA:42,0
DA:43,0
DA:47,1
LF:17
LH:11
BRF:0
BRH:0
end_of_record
